<?xml version="1.0" encoding="UTF-8"?>
<testsuite name="de.ez.todo.application.CommonTestCase" tests="1" skipped="0" failures="0" errors="0" timestamp="2021-01-03T14:59:21" hostname="DESKTOP-8OO245U" time="0.204">
  <properties/>
  <testcase name="tes()" classname="de.ez.todo.application.CommonTestCase" time="0.204"/>
  <system-out><![CDATA[15:59:18.456 [Test worker] DEBUG org.springframework.test.context.BootstrapUtils - Instantiating CacheAwareContextLoaderDelegate from class [org.springframework.test.context.cache.DefaultCacheAwareContextLoaderDelegate]
15:59:18.470 [Test worker] DEBUG org.springframework.test.context.BootstrapUtils - Instantiating BootstrapContext using constructor [public org.springframework.test.context.support.DefaultBootstrapContext(java.lang.Class,org.springframework.test.context.CacheAwareContextLoaderDelegate)]
15:59:18.501 [Test worker] DEBUG org.springframework.test.context.BootstrapUtils - Instantiating TestContextBootstrapper for test class [de.ez.todo.application.CommonTestCase] from class [org.springframework.boot.test.context.SpringBootTestContextBootstrapper]
15:59:18.519 [Test worker] INFO org.springframework.boot.test.context.SpringBootTestContextBootstrapper - Neither @ContextConfiguration nor @ContextHierarchy found for test class [de.ez.todo.application.CommonTestCase], using SpringBootContextLoader
15:59:18.523 [Test worker] DEBUG org.springframework.test.context.support.AbstractContextLoader - Did not detect default resource location for test class [de.ez.todo.application.CommonTestCase]: class path resource [de/ez/todo/application/CommonTestCase-context.xml] does not exist
15:59:18.524 [Test worker] DEBUG org.springframework.test.context.support.AbstractContextLoader - Did not detect default resource location for test class [de.ez.todo.application.CommonTestCase]: class path resource [de/ez/todo/application/CommonTestCaseContext.groovy] does not exist
15:59:18.524 [Test worker] INFO org.springframework.test.context.support.AbstractContextLoader - Could not detect default resource locations for test class [de.ez.todo.application.CommonTestCase]: no resource found for suffixes {-context.xml, Context.groovy}.
15:59:18.525 [Test worker] INFO org.springframework.test.context.support.AnnotationConfigContextLoaderUtils - Could not detect default configuration classes for test class [de.ez.todo.application.CommonTestCase]: CommonTestCase does not declare any static, non-private, non-final, nested classes annotated with @Configuration.
15:59:18.573 [Test worker] DEBUG org.springframework.test.context.support.ActiveProfilesUtils - Could not find an 'annotation declaring class' for annotation type [org.springframework.test.context.ActiveProfiles] and class [de.ez.todo.application.CommonTestCase]
15:59:18.643 [Test worker] DEBUG org.springframework.context.annotation.ClassPathScanningCandidateComponentProvider - Identified candidate component class: file [R:\entw\eztodo\application\build\classes\java\main\de\ez\todo\application\Application.class]
15:59:18.645 [Test worker] INFO org.springframework.boot.test.context.SpringBootTestContextBootstrapper - Found @SpringBootConfiguration de.ez.todo.application.Application for test class de.ez.todo.application.CommonTestCase
15:59:18.767 [Test worker] DEBUG org.springframework.boot.test.context.SpringBootTestContextBootstrapper - @TestExecutionListeners is not present for class [de.ez.todo.application.CommonTestCase]: using defaults.
15:59:18.768 [Test worker] INFO org.springframework.boot.test.context.SpringBootTestContextBootstrapper - Loaded default TestExecutionListener class names from location [META-INF/spring.factories]: [org.springframework.boot.test.autoconfigure.restdocs.RestDocsTestExecutionListener, org.springframework.boot.test.autoconfigure.web.client.MockRestServiceServerResetTestExecutionListener, org.springframework.boot.test.autoconfigure.web.servlet.MockMvcPrintOnlyOnFailureTestExecutionListener, org.springframework.boot.test.autoconfigure.web.servlet.WebDriverTestExecutionListener, org.springframework.boot.test.autoconfigure.webservices.client.MockWebServiceServerTestExecutionListener, org.springframework.boot.test.mock.mockito.MockitoTestExecutionListener, org.springframework.boot.test.mock.mockito.ResetMocksTestExecutionListener, org.springframework.test.context.web.ServletTestExecutionListener, org.springframework.test.context.support.DirtiesContextBeforeModesTestExecutionListener, org.springframework.test.context.support.DependencyInjectionTestExecutionListener, org.springframework.test.context.support.DirtiesContextTestExecutionListener, org.springframework.test.context.transaction.TransactionalTestExecutionListener, org.springframework.test.context.jdbc.SqlScriptsTestExecutionListener, org.springframework.test.context.event.EventPublishingTestExecutionListener]
15:59:18.782 [Test worker] DEBUG org.springframework.boot.test.context.SpringBootTestContextBootstrapper - Skipping candidate TestExecutionListener [org.springframework.test.context.transaction.TransactionalTestExecutionListener] due to a missing dependency. Specify custom listener classes or make the default listener classes and their required dependencies available. Offending class: [org/springframework/transaction/interceptor/TransactionAttributeSource]
15:59:18.783 [Test worker] DEBUG org.springframework.boot.test.context.SpringBootTestContextBootstrapper - Skipping candidate TestExecutionListener [org.springframework.test.context.jdbc.SqlScriptsTestExecutionListener] due to a missing dependency. Specify custom listener classes or make the default listener classes and their required dependencies available. Offending class: [org/springframework/transaction/interceptor/TransactionAttribute]
15:59:18.784 [Test worker] INFO org.springframework.boot.test.context.SpringBootTestContextBootstrapper - Using TestExecutionListeners: [org.springframework.test.context.web.ServletTestExecutionListener@3ca81e7f, org.springframework.test.context.support.DirtiesContextBeforeModesTestExecutionListener@6058f75f, org.springframework.boot.test.mock.mockito.MockitoTestExecutionListener@622ff125, org.springframework.boot.test.autoconfigure.SpringBootDependencyInjectionTestExecutionListener@6184c2e3, org.springframework.test.context.support.DirtiesContextTestExecutionListener@1d23734a, org.springframework.test.context.event.EventPublishingTestExecutionListener@3ae68dbe, org.springframework.boot.test.autoconfigure.restdocs.RestDocsTestExecutionListener@27dde51e, org.springframework.boot.test.autoconfigure.web.client.MockRestServiceServerResetTestExecutionListener@6009a8dc, org.springframework.boot.test.autoconfigure.web.servlet.MockMvcPrintOnlyOnFailureTestExecutionListener@66363eb4, org.springframework.boot.test.autoconfigure.web.servlet.WebDriverTestExecutionListener@6833d4b1, org.springframework.boot.test.autoconfigure.webservices.client.MockWebServiceServerTestExecutionListener@200e39bc, org.springframework.boot.test.mock.mockito.ResetMocksTestExecutionListener@d6c2a29]
15:59:18.789 [Test worker] DEBUG org.springframework.test.context.support.AbstractDirtiesContextTestExecutionListener - Before test class: context [DefaultTestContext@78fd5731 testClass = CommonTestCase, testInstance = [null], testMethod = [null], testException = [null], mergedContextConfiguration = [WebMergedContextConfiguration@66e20ee9 testClass = CommonTestCase, locations = '{}', classes = '{class de.ez.todo.application.Application}', contextInitializerClasses = '[]', activeProfiles = '{}', propertySourceLocations = '{}', propertySourceProperties = '{org.springframework.boot.test.context.SpringBootTestContextBootstrapper=true}', contextCustomizers = set[org.springframework.boot.test.autoconfigure.properties.PropertyMappingContextCustomizer@0, org.springframework.boot.test.autoconfigure.web.servlet.WebDriverContextCustomizerFactory$Customizer@1c453ab0, org.springframework.boot.test.context.filter.ExcludeFilterContextCustomizer@c15eb5c, org.springframework.boot.test.json.DuplicateJsonObjectContextCustomizerFactory$DuplicateJsonObjectContextCustomizer@71af0a4c, org.springframework.boot.test.mock.mockito.MockitoContextCustomizer@0, org.springframework.boot.test.web.client.TestRestTemplateContextCustomizer@28c64d83, org.springframework.boot.test.context.SpringBootTestArgs@1], resourceBasePath = 'src/main/webapp', contextLoader = 'org.springframework.boot.test.context.SpringBootContextLoader', parent = [null]], attributes = map['org.springframework.test.context.web.ServletTestExecutionListener.activateListener' -> true]], class annotated with @DirtiesContext [false] with mode [null].
15:59:18.828 [Test worker] DEBUG org.springframework.test.context.support.TestPropertySourceUtils - Adding inlined properties to environment: {spring.jmx.enabled=false, org.springframework.boot.test.context.SpringBootTestContextBootstrapper=true}

  .   ____          _            __ _ _
 /\\ / ___'_ __ _ _(_)_ __  __ _ \ \ \ \
( ( )\___ | '_ | '_| | '_ \/ _` | \ \ \ \
 \\/  ___)| |_)| | | | | || (_| |  ) ) ) )
  '  |____| .__|_| |_|_| |_\__, | / / / /
 =========|_|==============|___/=/_/_/_/
 :: Spring Boot ::        (v2.3.2.RELEASE)

2021-01-03 15:59:19.166  INFO 17200 --- [    Test worker] de.ez.todo.application.CommonTestCase    : Starting CommonTestCase on DESKTOP-8OO245U with PID 17200 (started by Sebastian in R:\entw\eztodo\application)
2021-01-03 15:59:19.168  INFO 17200 --- [    Test worker] de.ez.todo.application.CommonTestCase    : No active profile set, falling back to default profiles: default
2021-01-03 15:59:20.916  INFO 17200 --- [    Test worker] o.s.s.concurrent.ThreadPoolTaskExecutor  : Initializing ExecutorService 'applicationTaskExecutor'
2021-01-03 15:59:21.483  INFO 17200 --- [    Test worker] o.s.b.a.e.web.EndpointLinksResolver      : Exposing 2 endpoint(s) beneath base path '/actuator'
2021-01-03 15:59:21.578  INFO 17200 --- [    Test worker] de.ez.todo.application.CommonTestCase    : Started CommonTestCase in 2.738 seconds (JVM running for 4.225)
yolo
]]></system-out>
  <system-err><![CDATA[]]></system-err>
</testsuite>
