<?xml version="1.0" encoding="UTF-8"?>
<testsuite name="com.example.multimodule.storage.StorageTestCase" tests="1" skipped="0" failures="0" errors="0" timestamp="2021-01-03T14:45:07" hostname="DESKTOP-8OO245U" time="0.202">
  <properties/>
  <testcase name="t()" classname="com.example.multimodule.storage.StorageTestCase" time="0.202"/>
  <system-out><![CDATA[15:45:06.107 [Test worker] DEBUG org.springframework.test.context.BootstrapUtils - Instantiating CacheAwareContextLoaderDelegate from class [org.springframework.test.context.cache.DefaultCacheAwareContextLoaderDelegate]
15:45:06.120 [Test worker] DEBUG org.springframework.test.context.BootstrapUtils - Instantiating BootstrapContext using constructor [public org.springframework.test.context.support.DefaultBootstrapContext(java.lang.Class,org.springframework.test.context.CacheAwareContextLoaderDelegate)]
15:45:06.150 [Test worker] DEBUG org.springframework.test.context.BootstrapUtils - Instantiating TestContextBootstrapper for test class [com.example.multimodule.storage.StorageTestCase] from class [org.springframework.boot.test.context.SpringBootTestContextBootstrapper]
15:45:06.166 [Test worker] INFO org.springframework.boot.test.context.SpringBootTestContextBootstrapper - Neither @ContextConfiguration nor @ContextHierarchy found for test class [com.example.multimodule.storage.StorageTestCase], using SpringBootContextLoader
15:45:06.170 [Test worker] DEBUG org.springframework.test.context.support.AbstractContextLoader - Did not detect default resource location for test class [com.example.multimodule.storage.StorageTestCase]: class path resource [com/example/multimodule/storage/StorageTestCase-context.xml] does not exist
15:45:06.171 [Test worker] DEBUG org.springframework.test.context.support.AbstractContextLoader - Did not detect default resource location for test class [com.example.multimodule.storage.StorageTestCase]: class path resource [com/example/multimodule/storage/StorageTestCaseContext.groovy] does not exist
15:45:06.171 [Test worker] INFO org.springframework.test.context.support.AbstractContextLoader - Could not detect default resource locations for test class [com.example.multimodule.storage.StorageTestCase]: no resource found for suffixes {-context.xml, Context.groovy}.
15:45:06.237 [Test worker] DEBUG org.springframework.test.context.support.ActiveProfilesUtils - Could not find an 'annotation declaring class' for annotation type [org.springframework.test.context.ActiveProfiles] and class [com.example.multimodule.storage.StorageTestCase]
15:45:06.337 [Test worker] DEBUG org.springframework.boot.test.context.SpringBootTestContextBootstrapper - @TestExecutionListeners is not present for class [com.example.multimodule.storage.StorageTestCase]: using defaults.
15:45:06.338 [Test worker] INFO org.springframework.boot.test.context.SpringBootTestContextBootstrapper - Loaded default TestExecutionListener class names from location [META-INF/spring.factories]: [org.springframework.boot.test.autoconfigure.restdocs.RestDocsTestExecutionListener, org.springframework.boot.test.autoconfigure.web.client.MockRestServiceServerResetTestExecutionListener, org.springframework.boot.test.autoconfigure.web.servlet.MockMvcPrintOnlyOnFailureTestExecutionListener, org.springframework.boot.test.autoconfigure.web.servlet.WebDriverTestExecutionListener, org.springframework.boot.test.autoconfigure.webservices.client.MockWebServiceServerTestExecutionListener, org.springframework.boot.test.mock.mockito.MockitoTestExecutionListener, org.springframework.boot.test.mock.mockito.ResetMocksTestExecutionListener, org.springframework.test.context.web.ServletTestExecutionListener, org.springframework.test.context.support.DirtiesContextBeforeModesTestExecutionListener, org.springframework.test.context.support.DependencyInjectionTestExecutionListener, org.springframework.test.context.support.DirtiesContextTestExecutionListener, org.springframework.test.context.transaction.TransactionalTestExecutionListener, org.springframework.test.context.jdbc.SqlScriptsTestExecutionListener, org.springframework.test.context.event.EventPublishingTestExecutionListener]
15:45:06.347 [Test worker] DEBUG org.springframework.boot.test.context.SpringBootTestContextBootstrapper - Skipping candidate TestExecutionListener [org.springframework.test.context.web.ServletTestExecutionListener] due to a missing dependency. Specify custom listener classes or make the default listener classes and their required dependencies available. Offending class: [javax/servlet/ServletContext]
15:45:06.348 [Test worker] DEBUG org.springframework.boot.test.context.SpringBootTestContextBootstrapper - Skipping candidate TestExecutionListener [org.springframework.test.context.transaction.TransactionalTestExecutionListener] due to a missing dependency. Specify custom listener classes or make the default listener classes and their required dependencies available. Offending class: [org/springframework/transaction/interceptor/TransactionAttributeSource]
15:45:06.349 [Test worker] DEBUG org.springframework.boot.test.context.SpringBootTestContextBootstrapper - Skipping candidate TestExecutionListener [org.springframework.test.context.jdbc.SqlScriptsTestExecutionListener] due to a missing dependency. Specify custom listener classes or make the default listener classes and their required dependencies available. Offending class: [org/springframework/transaction/interceptor/TransactionAttribute]
15:45:06.349 [Test worker] INFO org.springframework.boot.test.context.SpringBootTestContextBootstrapper - Using TestExecutionListeners: [org.springframework.test.context.support.DirtiesContextBeforeModesTestExecutionListener@bd4dd7c, org.springframework.boot.test.mock.mockito.MockitoTestExecutionListener@61158713, org.springframework.boot.test.autoconfigure.SpringBootDependencyInjectionTestExecutionListener@4eb31b6c, org.springframework.test.context.support.DirtiesContextTestExecutionListener@17dd9e3, org.springframework.test.context.event.EventPublishingTestExecutionListener@2c6fcb8d, org.springframework.boot.test.autoconfigure.restdocs.RestDocsTestExecutionListener@618fec0c, org.springframework.boot.test.autoconfigure.web.client.MockRestServiceServerResetTestExecutionListener@3731f32a, org.springframework.boot.test.autoconfigure.web.servlet.MockMvcPrintOnlyOnFailureTestExecutionListener@58ec96ee, org.springframework.boot.test.autoconfigure.web.servlet.WebDriverTestExecutionListener@a0d1ddd, org.springframework.boot.test.autoconfigure.webservices.client.MockWebServiceServerTestExecutionListener@14fc7f1c, org.springframework.boot.test.mock.mockito.ResetMocksTestExecutionListener@2c6c760a]
15:45:06.354 [Test worker] DEBUG org.springframework.test.context.support.AbstractDirtiesContextTestExecutionListener - Before test class: context [DefaultTestContext@2eb1a4ac testClass = StorageTestCase, testInstance = [null], testMethod = [null], testException = [null], mergedContextConfiguration = [MergedContextConfiguration@4b5a91f5 testClass = StorageTestCase, locations = '{}', classes = '{class com.example.multimodule.storage.StorageTestCase$TestConfiguration}', contextInitializerClasses = '[]', activeProfiles = '{}', propertySourceLocations = '{}', propertySourceProperties = '{org.springframework.boot.test.context.SpringBootTestContextBootstrapper=true}', contextCustomizers = set[org.springframework.boot.test.autoconfigure.properties.PropertyMappingContextCustomizer@0, org.springframework.boot.test.autoconfigure.web.servlet.WebDriverContextCustomizerFactory$Customizer@450b364f, org.springframework.boot.test.context.filter.ExcludeFilterContextCustomizer@4283de35, org.springframework.boot.test.json.DuplicateJsonObjectContextCustomizerFactory$DuplicateJsonObjectContextCustomizer@543eacb8, org.springframework.boot.test.mock.mockito.MockitoContextCustomizer@0, org.springframework.boot.test.web.client.TestRestTemplateContextCustomizer@29ffc740, org.springframework.boot.test.context.SpringBootTestArgs@1], contextLoader = 'org.springframework.boot.test.context.SpringBootContextLoader', parent = [null]], attributes = map[[empty]]], class annotated with @DirtiesContext [false] with mode [null].
15:45:06.366 [Test worker] DEBUG org.springframework.test.context.support.DependencyInjectionTestExecutionListener - Performing dependency injection for test context [[DefaultTestContext@2eb1a4ac testClass = StorageTestCase, testInstance = com.example.multimodule.storage.StorageTestCase@78545ce, testMethod = [null], testException = [null], mergedContextConfiguration = [MergedContextConfiguration@4b5a91f5 testClass = StorageTestCase, locations = '{}', classes = '{class com.example.multimodule.storage.StorageTestCase$TestConfiguration}', contextInitializerClasses = '[]', activeProfiles = '{}', propertySourceLocations = '{}', propertySourceProperties = '{org.springframework.boot.test.context.SpringBootTestContextBootstrapper=true}', contextCustomizers = set[org.springframework.boot.test.autoconfigure.properties.PropertyMappingContextCustomizer@0, org.springframework.boot.test.autoconfigure.web.servlet.WebDriverContextCustomizerFactory$Customizer@450b364f, org.springframework.boot.test.context.filter.ExcludeFilterContextCustomizer@4283de35, org.springframework.boot.test.json.DuplicateJsonObjectContextCustomizerFactory$DuplicateJsonObjectContextCustomizer@543eacb8, org.springframework.boot.test.mock.mockito.MockitoContextCustomizer@0, org.springframework.boot.test.web.client.TestRestTemplateContextCustomizer@29ffc740, org.springframework.boot.test.context.SpringBootTestArgs@1], contextLoader = 'org.springframework.boot.test.context.SpringBootContextLoader', parent = [null]], attributes = map[[empty]]]].
15:45:06.392 [Test worker] DEBUG org.springframework.test.context.support.TestPropertySourceUtils - Adding inlined properties to environment: {spring.jmx.enabled=false, org.springframework.boot.test.context.SpringBootTestContextBootstrapper=true}

  .   ____          _            __ _ _
 /\\ / ___'_ __ _ _(_)_ __  __ _ \ \ \ \
( ( )\___ | '_ | '_| | '_ \/ _` | \ \ \ \
 \\/  ___)| |_)| | | | | || (_| |  ) ) ) )
  '  |____| .__|_| |_|_| |_\__, | / / / /
 =========|_|==============|___/=/_/_/_/
 :: Spring Boot ::        (v2.3.2.RELEASE)

2021-01-03 15:45:06.666  INFO 12764 --- [    Test worker] c.e.multimodule.storage.StorageTestCase  : Starting StorageTestCase on DESKTOP-8OO245U with PID 12764 (started by Sebastian in R:\entw\complete\storage)
2021-01-03 15:45:06.669  INFO 12764 --- [    Test worker] c.e.multimodule.storage.StorageTestCase  : No active profile set, falling back to default profiles: default
2021-01-03 15:45:07.210  INFO 12764 --- [    Test worker] c.e.multimodule.storage.StorageTestCase  : Started StorageTestCase in 0.815 seconds (JVM running for 2.286)
yolo
]]></system-out>
  <system-err><![CDATA[]]></system-err>
</testsuite>
